0 info it worked if it ends with ok
1 verbose cli [ 'C:\\Program Files (x86)\\nodejs\\\\node.exe',
1 verbose cli   'C:\\Program Files (x86)\\nodejs\\node_modules\\npm\\bin\\npm-cli.js',
1 verbose cli   'publish' ]
2 info using npm@1.4.21
3 info using node@v0.10.30
4 verbose node symlink C:\Program Files (x86)\nodejs\\node.exe
5 verbose publish [ '.' ]
6 verbose cache add [ '.', null ]
7 verbose cache add name=undefined spec="." args=[".",null]
8 verbose parsed url { protocol: null,
8 verbose parsed url   slashes: null,
8 verbose parsed url   auth: null,
8 verbose parsed url   host: null,
8 verbose parsed url   port: null,
8 verbose parsed url   hostname: null,
8 verbose parsed url   hash: null,
8 verbose parsed url   search: null,
8 verbose parsed url   query: null,
8 verbose parsed url   pathname: '.',
8 verbose parsed url   path: '.',
8 verbose parsed url   href: '.' }
9 silly lockFile 3a52ce78- .
10 verbose lock . C:\Users\lewis\AppData\Roaming\npm-cache\3a52ce78-.lock
11 verbose tar pack [ 'C:\\Users\\lewis\\AppData\\Roaming\\npm-cache\\decimalmath\\0.1.2\\package.tgz',
11 verbose tar pack   '.' ]
12 verbose tarball C:\Users\lewis\AppData\Roaming\npm-cache\decimalmath\0.1.2\package.tgz
13 verbose folder .
14 info prepublish decimalmath@0.1.2
15 silly lockFile 1f1177db-tar tar://.
16 verbose lock tar://. C:\Users\lewis\AppData\Roaming\npm-cache\1f1177db-tar.lock
17 silly lockFile 3d676dec-he-decimalmath-0-1-2-package-tgz tar://C:\Users\lewis\AppData\Roaming\npm-cache\decimalmath\0.1.2\package.tgz
18 verbose lock tar://C:\Users\lewis\AppData\Roaming\npm-cache\decimalmath\0.1.2\package.tgz C:\Users\lewis\AppData\Roaming\npm-cache\3d676dec-he-decimalmath-0-1-2-package-tgz.lock
19 silly lockFile 1f1177db-tar tar://.
20 silly lockFile 1f1177db-tar tar://.
21 silly lockFile 3d676dec-he-decimalmath-0-1-2-package-tgz tar://C:\Users\lewis\AppData\Roaming\npm-cache\decimalmath\0.1.2\package.tgz
22 silly lockFile 3d676dec-he-decimalmath-0-1-2-package-tgz tar://C:\Users\lewis\AppData\Roaming\npm-cache\decimalmath\0.1.2\package.tgz
23 silly lockFile d2d42099--cache-decimalmath-0-1-2-package C:\Users\lewis\AppData\Roaming\npm-cache\decimalmath\0.1.2\package
24 verbose lock C:\Users\lewis\AppData\Roaming\npm-cache\decimalmath\0.1.2\package C:\Users\lewis\AppData\Roaming\npm-cache\d2d42099--cache-decimalmath-0-1-2-package.lock
25 silly lockFile d2d42099--cache-decimalmath-0-1-2-package C:\Users\lewis\AppData\Roaming\npm-cache\decimalmath\0.1.2\package
26 silly lockFile d2d42099--cache-decimalmath-0-1-2-package C:\Users\lewis\AppData\Roaming\npm-cache\decimalmath\0.1.2\package
27 silly lockFile 3a52ce78- .
28 silly lockFile 3a52ce78- .
29 silly publish { name: 'decimalmath',
29 silly publish   version: '0.1.2',
29 silly publish   description: 'decimal math for javascript',
29 silly publish   main: 'build/Release/decimalmath.node',
29 silly publish   directories: { test: 'test' },
29 silly publish   scripts: { test: 'node test/app.js', install: 'node-gyp rebuild' },
29 silly publish   repository:
29 silly publish    { type: 'git',
29 silly publish      url: 'https://github.com/ndxbxrme/decimalmath.git' },
29 silly publish   keywords: [ 'decimal', 'math' ],
29 silly publish   ignore: [ 'bower_components' ],
29 silly publish   author: { name: 'ndxbxrme', email: 'admin@rainstormweb.com' },
29 silly publish   license: 'MIT',
29 silly publish   gypfile: true,
29 silly publish   bugs: { url: 'https://github.com/ndxbxrme/decimalmath/issues' },
29 silly publish   homepage: 'https://github.com/ndxbxrme/decimalmath',
29 silly publish   devDependencies: { chance: '^0.7.3', 'node-gyp': '^1.0.2' },
29 silly publish   readme: '# decimalmath\r\n\r\ndecimal math for javascript  \r\n`under development - use at your own risk`\r\n\r\n### installation\r\nfor node  \r\n`npm install --save decimalmath`\r\n`var dec = require(\'decimalmath\');`\r\nfor web\r\n`bower install --save decimalmath`\r\n\r\n### functions\r\ndec.sum( value1, value2, precision? )  \r\ndec.add( value1, value2, precision? )  \r\ndec.sub( value1, value2, precision? )  \r\ndec.minus( value1, value2, precision? )  \r\ndec.multiply( value1, value2, precision? )  \r\ndec.divide( value1, value2, precision? )  \r\n`precision defaults to 2, max 10`\r\n\r\n\r\nuses [https://github.com/vpiotr/decimal_for_cpp](https://github.com/vpiotr/decimal_for_cpp)\r\n',
29 silly publish   readmeFilename: 'README.md',
29 silly publish   gitHead: '661f53cd9069a1c22956b5097436a018e510eab6',
29 silly publish   _id: 'decimalmath@0.1.2',
29 silly publish   _shasum: 'a6f3c43fc9a4d1cbd6c7750dbc6a9880473c8714',
29 silly publish   _from: '.' }
30 verbose request where is /decimalmath
31 verbose request registry https://registry.npmjs.org/
32 verbose request id 9ed6cca3d331cd44
33 verbose url raw /decimalmath
34 verbose url resolving [ 'https://registry.npmjs.org/', './decimalmath' ]
35 verbose url resolved https://registry.npmjs.org/decimalmath
36 verbose request where is https://registry.npmjs.org/decimalmath
37 info trying registry request attempt 1 at 09:41:56
38 http PUT https://registry.npmjs.org/decimalmath
39 http 403 https://registry.npmjs.org/decimalmath
40 verbose headers { date: 'Sat, 31 Jan 2015 09:41:44 GMT',
40 verbose headers   server: 'CouchDB/1.5.0 (Erlang OTP/R16B03)',
40 verbose headers   'content-type': 'application/json',
40 verbose headers   'cache-control': 'max-age=60',
40 verbose headers   'content-length': '3469',
40 verbose headers   'accept-ranges': 'bytes',
40 verbose headers   via: '1.1 varnish',
40 verbose headers   'x-served-by': 'cache-ams4125-AMS',
40 verbose headers   'x-cache': 'MISS',
40 verbose headers   'x-cache-hits': '0',
40 verbose headers   'x-timer': 'S1422697300.244791,VS0,VE4342',
40 verbose headers   'keep-alive': 'timeout=10, max=50',
40 verbose headers   connection: 'Keep-Alive' }
41 error publish Failed PUT 403
42 error Error: forbidden cannot modify pre-existing version: 0.1.2
42 error old={"name":"decimalmath","version":"0.1.2","description":"decimal math for javascript","main":"build/Release/decimalmath.node","directories":{"test":"test"},"scripts":{"test":"node test/app.js","install":"node-gyp configure build"},"repository":{"type":"git","url":"https://github.com/ndxbxrme/decimalmath.git"},"keywords":["decimal","math"],"ignore":["bower_components"],"author":{"name":"ndxbxrme","email":"admin@rainstormweb.com"},"license":"MIT","gypfile":true,"bugs":{"url":"https://github.com/ndxbxrme/decimalmath/issues"},"homepage":"https://github.com/ndxbxrme/decimalmath","devDependencies":{"chance":"^0.7.3","node-gyp":"^1.0.2"},"gitHead":"661f53cd9069a1c22956b5097436a018e510eab6","_id":"decimalmath@0.1.2","_shasum":"8bcfef3865e4f23e76690f3174e0b624fc656c69","_from":".","_npmVersion":"1.4.21","_npmUser":{"name":"ndxbxrme","email":"admin@rainstormweb.com"},"maintainers":[{"name":"ndxbxrme","email":"admin@rainstormweb.com"}],"dist":{"shasum":"8bcfef3865e4f23e76690f3174e0b624fc656c69","tarball":"http://registry.npmjs.org/decimalmath/-/decimalmath-0.1.2.tgz"}}
42 error new={"name":"decimalmath","version":"0.1.2","description":"decimal math for javascript","main":"build/Release/decimalmath.node","directories":{"test":"test"},"scripts":{"test":"node test/app.js","install":"node-gyp rebuild"},"repository":{"type":"git","url":"https://github.com/ndxbxrme/decimalmath.git"},"keywords":["decimal","math"],"ignore":["bower_components"],"author":{"name":"ndxbxrme","email":"admin@rainstormweb.com"},"license":"MIT","gypfile":true,"bugs":{"url":"https://github.com/ndxbxrme/decimalmath/issues"},"homepage":"https://github.com/ndxbxrme/decimalmath","devDependencies":{"chance":"^0.7.3","node-gyp":"^1.0.2"},"readme":"# decimalmath\u000d\u000a\u000d\u000adecimal math for javascript  \u000d\u000a`under development - use at your own risk`\u000d\u000a\u000d\u000a### installation\u000d\u000afor node  \u000d\u000a`npm install --save decimalmath`\u000d\u000a`var dec = require('decimalmath');`\u000d\u000afor web\u000d\u000a`bower install --save decimalmath`\u000d\u000a\u000d\u000a### functions\u000d\u000adec.sum( value1, value2, precision? )  \u000d\u000adec.add( value1, value2, precision? )  \u000d\u000adec.sub( value1, value2, precision? )  \u000d\u000adec.minus( value1, value2, precision? )  \u000d\u000adec.multiply( value1, value2, precision? )  \u000d\u000adec.divide( value1, value2, precision? )  \u000d\u000a`precision defaults to 2, max 10`\u000d\u000a\u000d\u000a\u000d\u000auses [https://github.com/vpiotr/decimal_for_cpp](https://github.com/vpiotr/decimal_for_cpp)\u000d\u000a","readmeFilename":"README.md","gitHead":"661f53cd9069a1c22956b5097436a018e510eab6","_id":"decimalmath@0.1.2","_shasum":"a6f3c43fc9a4d1cbd6c7750dbc6a9880473c8714","_from":".","_npmVersion":"1.4.21","_npmUser":{"name":"ndxbxrme","email":"admin@rainstormweb.com"},"maintainers":[{"name":"ndxbxrme","email":"admin@rainstormweb.com"}],"dist":{"shasum":"a6f3c43fc9a4d1cbd6c7750dbc6a9880473c8714","tarball":"http://registry.npmjs.org/decimalmath/-/decimalmath-0.1.2.tgz"}}: decimalmath
42 error     at RegClient.<anonymous> (C:\Program Files (x86)\nodejs\node_modules\npm\node_modules\npm-registry-client\lib\request.js:300:14)
42 error     at Request._callback (C:\Program Files (x86)\nodejs\node_modules\npm\node_modules\npm-registry-client\lib\request.js:238:65)
42 error     at Request.self.callback (C:\Program Files (x86)\nodejs\node_modules\npm\node_modules\request\request.js:123:22)
42 error     at Request.emit (events.js:98:17)
42 error     at Request.<anonymous> (C:\Program Files (x86)\nodejs\node_modules\npm\node_modules\request\request.js:893:14)
42 error     at Request.emit (events.js:117:20)
42 error     at IncomingMessage.<anonymous> (C:\Program Files (x86)\nodejs\node_modules\npm\node_modules\request\request.js:844:12)
42 error     at IncomingMessage.emit (events.js:117:20)
42 error     at _stream_readable.js:938:16
42 error     at process._tickCallback (node.js:419:13)
43 error If you need help, you may report this *entire* log,
43 error including the npm and node versions, at:
43 error     <http://github.com/npm/npm/issues>
44 error System Windows_NT 6.1.7601
45 error command "C:\\Program Files (x86)\\nodejs\\\\node.exe" "C:\\Program Files (x86)\\nodejs\\node_modules\\npm\\bin\\npm-cli.js" "publish"
46 error cwd D:\DEV\github\decimalmath
47 error node -v v0.10.30
48 error npm -v 1.4.21
49 verbose exit [ 1, true ]
